<?xml version="1.0" encoding="UTF-8"?>
<!-- Generated by org.testng.reporters.JUnitReportReporter -->
<testsuite hostname="Sakshi" name="com.trivago.TestCases" tests="1" failures="0" timestamp="9 Aug 2017 13:34:47 GMT" time="3.462" errors="0">
  <testcase name="TC1_VerifyHeaderNameAfterSelectingDestination" time="3.462" classname="com.trivago.TestCases"/>
</testsuite> <!-- com.trivago.TestCases -->
